********************************************************************************
DUPLICATOR-LITE PACKAGE-LOG: 12.04.2021 12:10
NOTICE: Do NOT post to public sites or forums 
********************************************************************************
VERSION:	1.4.0
WORDPRESS:	5.7
PHP INFO:	7.3.2 | SAPI: apache2handler
SERVER:		Apache 
PHP TIME LIMIT: (0) no time limit imposed 
PHP MAX MEMORY: 4294967296 (-1 default) 
MEMORY STACK: 6MB
[CTRL DUP ARCIVE] PACKAGE AS NEW ID 2 SAVED | STATUS:0
[DUP ARCHIVE] BUILDING DATABASE

********************************************************************************
DATABASE:
********************************************************************************
BUILD MODE:   MYSQLDUMP
MYSQLTIMEOUT: 5000
MYSQLDUMP:    Is Supported
MYSQL DUMP ERROR 2

==================================================================================
DUPLICATOR ERROR
Please try again! If the error persists see the Duplicator 'Help' menu.
---------------------------------------------------------------------------------
MESSAGE:
	Shell mysql dump error. Change SQL Script to the "PHP Code" in the Duplicator > Settings > Packages.
TRACE:
	 1. class.pack.database.php : Error (572)
	 2. class.pack.database.php : mysqlDump (208)
	 3. class.pack.php : build (1242)
	 4. ctrl.package.php : runDupArchiveBuild (188)
	 5. class-wp-hook.php : duplicator_duparchive_package_build (292)
	 6. class-wp-hook.php : apply_filters (316)
	 7. plugin.php : do_action (484)
	 8. admin-ajax.php : do_action (187)
==================================================================================


==================================================================================
DUPLICATOR ERROR
Please try again! If the error persists see the Duplicator 'Help' menu.
---------------------------------------------------------------------------------
MESSAGE:
	Runtime error in DUP_Database::Build. Shell mysql dump error. Change SQL Script to the "PHP Code" in the Duplicator > Settings > Packages.
DETAILS:
	Exception: Exception: Shell mysql dump error. Change SQL Script to the "PHP Code" in the Duplicator > Settings > Packages. in D:\OpenServer\OSPanel\domains\wifi\wp-content\plugins\duplicator\classes\class.logging.php:275
Stack trace:
#0 D:\OpenServer\OSPanel\domains\wifi\wp-content\plugins\duplicator\classes\package\class.pack.database.php(572): DUP_Log::Error('Shell mysql dum...', '', 1)
#1 D:\OpenServer\OSPanel\domains\wifi\wp-content\plugins\duplicator\classes\package\class.pack.database.php(208): DUP_Database->mysqlDump('mysqldump.exe')
#2 D:\OpenServer\OSPanel\domains\wifi\wp-content\plugins\duplicator\classes\package\class.pack.php(1242): DUP_Database->build(Object(DUP_Package), 1)
#3 D:\OpenServer\OSPanel\domains\wifi\wp-content\plugins\duplicator\ctrls\ctrl.package.php(188): DUP_Package->runDupArchiveBuild()
#4 D:\OpenServer\OSPanel\domains\wifi\wp-includes\class-wp-hook.php(292): duplicator_duparchive_package_build('')
#5 D:\OpenServer\OSPanel\domains\wifi\wp-includes\class-wp-hook.php(316): WP_Hook->apply_filters('', Array)
#6 D:\OpenServer\OSPanel\domains\wifi\wp-includes\plugin.php(484): WP_Hook->do_action(Array)
#7 D:\OpenServer\OSPanel\domains\wifi\wp-admin\admin-ajax.php(187): do_action('wp_ajax_duplica...')
#8 {main}
TRACE:
	 1. class.pack.database.php : Error (243)
	 2. class.pack.php : build (1242)
	 3. ctrl.package.php : runDupArchiveBuild (188)
	 4. class-wp-hook.php : duplicator_duparchive_package_build (292)
	 5. class-wp-hook.php : apply_filters (316)
	 6. plugin.php : do_action (484)
	 7. admin-ajax.php : do_action (187)
==================================================================================

[CTRL DUP ARCIVE] ERROR: caught exception

==================================================================================
DUPLICATOR ERROR
Please try again! If the error persists see the Duplicator 'Help' menu.
---------------------------------------------------------------------------------
MESSAGE:
	[CTRL DUP ARCIVE]  Caught exception
DETAILS:
	Runtime error in DUP_Database::Build. Shell mysql dump error. Change SQL Script to the "PHP Code" in the Duplicator > Settings > Packages.
TRACE:
	 1. ctrl.package.php : Error (192)
	 2. class-wp-hook.php : duplicator_duparchive_package_build (292)
	 3. class-wp-hook.php : apply_filters (316)
	 4. plugin.php : do_action (484)
	 5. admin-ajax.php : do_action (187)
==================================================================================

[CTRL DUP ARCIVE] ERROR: after log
[CTRL DUP ARCIVE] COMPLETED PACKAGE STATUS: -1.0
[CTRL DUP ARCIVE] ERROR

==================================================================================
DUPLICATOR ERROR
Please try again! If the error persists see the Duplicator 'Help' menu.
---------------------------------------------------------------------------------
MESSAGE:
	Build failed so sending back error
DETAILS:
	Error building DupArchive package&lt;br/&gt;
TRACE:
	 1. ctrl.package.php : Error (218)
	 2. class-wp-hook.php : duplicator_duparchive_package_build (292)
	 3. class-wp-hook.php : apply_filters (316)
	 4. plugin.php : do_action (484)
	 5. admin-ajax.php : do_action (187)
==================================================================================

[CTRL DUP ARCIVE] ERROR AFTER LOG 2
